#
# There is insufficient memory for the Java Runtime Environment to continue.
# Native memory allocation (mmap) failed to map 134217728 bytes for G1 virtual space
# Possible reasons:
#   The system is out of physical RAM or swap space
#   The process is running with CompressedOops enabled, and the Java Heap may be blocking the growth of the native heap
# Possible solutions:
#   Reduce memory load on the system
#   Increase physical memory or swap space
#   Check if swap backing store is full
#   Decrease Java heap size (-Xmx/-Xms)
#   Decrease number of Java threads
#   Decrease Java thread stack sizes (-Xss)
#   Set larger code cache with -XX:ReservedCodeCacheSize=
#   JVM is running with Unscaled Compressed Oops mode in which the Java heap is
#     placed in the first 4GB address space. The Java Heap base address is the
#     maximum limit for the native heap growth. Please use -XX:HeapBaseMinAddress
#     to set the Java Heap base and to place the Java Heap above 4GB virtual address.
# This output file may be truncated or incomplete.
#
#  Out of Memory Error (os_windows.cpp:3613), pid=20236, tid=16824
#
# JRE version:  (17.0.9+9) (build )
# Java VM: OpenJDK 64-Bit Server VM (17.0.9+9, mixed mode, sharing, tiered, compressed oops, compressed class ptrs, g1 gc, windows-amd64)
# No core dump will be written. Minidumps are not enabled by default on client versions of Windows
#

---------------  S U M M A R Y ------------

Command Line: -Dfile.encoding=UTF-8 -Dstdout.encoding=UTF-8 -Dstderr.encoding=UTF-8 --module-path=C:\Users\Ayan Kar\eclipse-workspace\SunilSirAssesment\bin -XX:+ShowCodeDetailsInExceptionMessages -Djdk.module.main=SunilSirAssesment SunilSirAssesment/com.day1.MovieTicketcalculation

Host: Intel(R) Core(TM) i5-8350U CPU @ 1.70GHz, 8 cores, 7G,  Windows 10 , 64 bit Build 19041 (10.0.19041.3031)
Time: Sun Dec 10 20:16:44 2023 India Standard Time elapsed time: 0.032889 seconds (0d 0h 0m 0s)

---------------  T H R E A D  ---------------

Current thread (0x000001abada7cef0):  JavaThread "Unknown thread" [_thread_in_vm, id=16824, stack(0x0000007f54900000,0x0000007f54a00000)]

Stack: [0x0000007f54900000,0x0000007f54a00000]
Native frames: (J=compiled Java code, j=interpreted, Vv=VM code, C=native code)
V  [jvm.dll+0x67cf49]
V  [jvm.dll+0x83478a]
V  [jvm.dll+0x83624e]
V  [jvm.dll+0x8368b3]
V  [jvm.dll+0x247f1f]
V  [jvm.dll+0x679d69]
V  [jvm.dll+0x66e6ba]
V  [jvm.dll+0x307e5b]
V  [jvm.dll+0x30f306]
V  [jvm.dll+0x35f0ce]
V  [jvm.dll+0x35f2ff]
V  [jvm.dll+0x2dea58]
V  [jvm.dll+0x2df9c4]
V  [jvm.dll+0x806031]
V  [jvm.dll+0x36cf31]
V  [jvm.dll+0x7e4aac]
V  [jvm.dll+0x3f07af]
V  [jvm.dll+0x3f23e1]
C  [jli.dll+0x528f]
C  [ucrtbase.dll+0x21bb2]
C  [KERNEL32.DLL+0x17614]
C  [ntdll.dll+0x526f1]


---------------  P R O C E S S  ---------------

Threads class SMR info:
_java_thread_list=0x00007fff1071ee98, length=0, elements={
}

Java Threads: ( => current thread )

Other Threads:
  0x000001abadad7fd0 GCTaskThread "GC Thread#0" [stack: 0x0000007f54a00000,0x0000007f54b00000] [id=21240]
  0x000001abadae93d0 ConcurrentGCThread "G1 Main Marker" [stack: 0x0000007f54b00000,0x0000007f54c00000] [id=12904]
  0x000001abadae9df0 ConcurrentGCThread "G1 Conc#0" [stack: 0x0000007f54c00000,0x0000007f54d00000] [id=3284]

[error occurred during error reporting (printing all threads), id 0xc0000005, EXCEPTION_ACCESS_VIOLATION (0xc0000005) at pc=0x00007fff0fedf497]

VM state: not at safepoint (not fully initialized)

VM Mutex/Monitor currently owned by a thread:  ([mutex/lock_event])
[0x000001abada77aa0] Heap_lock - owner thread: 0x000001abada7cef0

Heap address: 0x0000000081e00000, size: 2018 MB, Compressed Oops mode: 32-bit

CDS archive(s) mapped at: [0x0000000000000000-0x0000000000000000-0x0000000000000000), size 0, SharedBaseAddress: 0x0000000800000000, ArchiveRelocationMode: 1.
Narrow klass base: 0x0000000000000000, Narrow klass shift: 0, Narrow klass range: 0x0

GC Precious Log:
<Empty>

Heap:
 garbage-first heap   total 0K, used 0K [0x0000000081e00000, 0x0000000100000000)
  region size 1024K, 0 young (0K), 0 survivors (0K)

[error occurred during error reporting (printing heap information), id 0xc0000005, EXCEPTION_ACCESS_VIOLATION (0xc0000005) at pc=0x00007fff102c6c79]

GC Heap History (0 events):
No events

Dll operation events (1 events):
Event: 0.007 Loaded shared library C:\Users\Ayan Kar\.p2\pool\plugins\org.eclipse.justj.openjdk.hotspot.jre.full.win32.x86_64_17.0.9.v20231028-0858\jre\bin\java.dll

Deoptimization events (0 events):
No events

Classes unloaded (0 events):
No events

Classes redefined (0 events):
No events

Internal exceptions (0 events):
No events

VM Operations (0 events):
No events

Events (0 events):
No events


Dynamic libraries:
0x00007ff7d53a0000 - 0x00007ff7d53ae000 	C:\Users\Ayan Kar\.p2\pool\plugins\org.eclipse.justj.openjdk.hotspot.jre.full.win32.x86_64_17.0.9.v20231028-0858\jre\bin\javaw.exe
0x00007fff3f8b0000 - 0x00007fff3faa8000 	C:\Windows\SYSTEM32\ntdll.dll
0x00007fff06e10000 - 0x00007fff06e29000 	C:\Program Files\AVG\Antivirus\aswhook.dll
0x00007fff3dc40000 - 0x00007fff3dcff000 	C:\Windows\System32\KERNEL32.DLL
0x00007fff3cf90000 - 0x00007fff3d286000 	C:\Windows\System32\KERNELBASE.dll
0x00007fff3d410000 - 0x00007fff3d510000 	C:\Windows\System32\ucrtbase.dll
0x00007fff364c0000 - 0x00007fff364d7000 	C:\Users\Ayan Kar\.p2\pool\plugins\org.eclipse.justj.openjdk.hotspot.jre.full.win32.x86_64_17.0.9.v20231028-0858\jre\bin\jli.dll
0x00007fff363c0000 - 0x00007fff363db000 	C:\Users\Ayan Kar\.p2\pool\plugins\org.eclipse.justj.openjdk.hotspot.jre.full.win32.x86_64_17.0.9.v20231028-0858\jre\bin\VCRUNTIME140.dll
0x00007fff3f2f0000 - 0x00007fff3f48d000 	C:\Windows\System32\USER32.dll
0x00007fff3d7e0000 - 0x00007fff3d802000 	C:\Windows\System32\win32u.dll
0x00007fff1a090000 - 0x00007fff1a32a000 	C:\Windows\WinSxS\amd64_microsoft.windows.common-controls_6595b64144ccf1df_6.0.19041.1110_none_60b5254171f9507e\COMCTL32.dll
0x00007fff3da80000 - 0x00007fff3daac000 	C:\Windows\System32\GDI32.dll
0x00007fff3dd00000 - 0x00007fff3dd9e000 	C:\Windows\System32\msvcrt.dll
0x00007fff3d6c0000 - 0x00007fff3d7d5000 	C:\Windows\System32\gdi32full.dll
0x00007fff3d290000 - 0x00007fff3d32d000 	C:\Windows\System32\msvcp_win.dll
0x00007fff3d910000 - 0x00007fff3d940000 	C:\Windows\System32\IMM32.DLL
0x00007fff39e90000 - 0x00007fff39e9c000 	C:\Users\Ayan Kar\.p2\pool\plugins\org.eclipse.justj.openjdk.hotspot.jre.full.win32.x86_64_17.0.9.v20231028-0858\jre\bin\vcruntime140_1.dll
0x00007fff309b0000 - 0x00007fff30a3d000 	C:\Users\Ayan Kar\.p2\pool\plugins\org.eclipse.justj.openjdk.hotspot.jre.full.win32.x86_64_17.0.9.v20231028-0858\jre\bin\msvcp140.dll
0x00007fff0fbf0000 - 0x00007fff10851000 	C:\Users\Ayan Kar\.p2\pool\plugins\org.eclipse.justj.openjdk.hotspot.jre.full.win32.x86_64_17.0.9.v20231028-0858\jre\bin\server\jvm.dll
0x00007fff3f6f0000 - 0x00007fff3f79f000 	C:\Windows\System32\ADVAPI32.dll
0x00007fff3f650000 - 0x00007fff3f6ec000 	C:\Windows\System32\sechost.dll
0x00007fff3f490000 - 0x00007fff3f5b6000 	C:\Windows\System32\RPCRT4.dll
0x00007fff3c4f0000 - 0x00007fff3c53b000 	C:\Windows\SYSTEM32\POWRPROF.dll
0x00007fff31e40000 - 0x00007fff31e49000 	C:\Windows\SYSTEM32\WSOCK32.dll
0x00007fff1fb30000 - 0x00007fff1fb57000 	C:\Windows\SYSTEM32\WINMM.dll
0x00007fff3f800000 - 0x00007fff3f86b000 	C:\Windows\System32\WS2_32.dll
0x00007fff375b0000 - 0x00007fff375ba000 	C:\Windows\SYSTEM32\VERSION.dll
0x00007fff3c3c0000 - 0x00007fff3c3d2000 	C:\Windows\SYSTEM32\UMPDC.dll
0x00007fff3b800000 - 0x00007fff3b812000 	C:\Windows\SYSTEM32\kernel.appcore.dll
0x00007fff39e70000 - 0x00007fff39e7a000 	C:\Users\Ayan Kar\.p2\pool\plugins\org.eclipse.justj.openjdk.hotspot.jre.full.win32.x86_64_17.0.9.v20231028-0858\jre\bin\jimage.dll
0x00007fff3ad50000 - 0x00007fff3af34000 	C:\Windows\SYSTEM32\DBGHELP.DLL
0x00007fff35f00000 - 0x00007fff35f34000 	C:\Windows\SYSTEM32\dbgcore.DLL
0x00007fff3d810000 - 0x00007fff3d892000 	C:\Windows\System32\bcryptPrimitives.dll
0x00007fff363e0000 - 0x00007fff36405000 	C:\Users\Ayan Kar\.p2\pool\plugins\org.eclipse.justj.openjdk.hotspot.jre.full.win32.x86_64_17.0.9.v20231028-0858\jre\bin\java.dll

dbghelp: loaded successfully - version: 4.0.5 - missing functions: none
symbol engine: initialized successfully - sym options: 0x614 - pdb path: .;C:\Users\Ayan Kar\.p2\pool\plugins\org.eclipse.justj.openjdk.hotspot.jre.full.win32.x86_64_17.0.9.v20231028-0858\jre\bin;C:\Windows\SYSTEM32;C:\Program Files\AVG\Antivirus;C:\Windows\WinSxS\amd64_microsoft.windows.common-controls_6595b64144ccf1df_6.0.19041.1110_none_60b5254171f9507e;C:\Users\Ayan Kar\.p2\pool\plugins\org.eclipse.justj.openjdk.hotspot.jre.full.win32.x86_64_17.0.9.v20231028-0858\jre\bin\server

VM Arguments:
jvm_args: -Dfile.encoding=UTF-8 -Dstdout.encoding=UTF-8 -Dstderr.encoding=UTF-8 --module-path=C:\Users\Ayan Kar\eclipse-workspace\SunilSirAssesment\bin -XX:+ShowCodeDetailsInExceptionMessages -Djdk.module.main=SunilSirAssesment 
java_command: SunilSirAssesment/com.day1.MovieTicketcalculation
java_class_path (initial): <not set>
Launcher Type: SUN_STANDARD

[Global flags]
     intx CICompilerCount                          = 4                                         {product} {ergonomic}
     uint ConcGCThreads                            = 2                                         {product} {ergonomic}
     uint G1ConcRefinementThreads                  = 8                                         {product} {ergonomic}
   size_t G1HeapRegionSize                         = 1048576                                   {product} {ergonomic}
    uintx GCDrainStackTargetSize                   = 64                                        {product} {ergonomic}
   size_t InitialHeapSize                          = 134217728                                 {product} {ergonomic}
   size_t MarkStackSize                            = 4194304                                   {product} {ergonomic}
   size_t MaxHeapSize                              = 2116026368                                {product} {ergonomic}
   size_t MinHeapDeltaBytes                        = 1048576                                   {product} {ergonomic}
   size_t MinHeapSize                              = 8388608                                   {product} {ergonomic}
    uintx NonNMethodCodeHeapSize                   = 5839372                                {pd product} {ergonomic}
    uintx NonProfiledCodeHeapSize                  = 122909434                              {pd product} {ergonomic}
    uintx ProfiledCodeHeapSize                     = 122909434                              {pd product} {ergonomic}
    uintx ReservedCodeCacheSize                    = 251658240                              {pd product} {ergonomic}
     bool SegmentedCodeCache                       = true                                      {product} {ergonomic}
     bool ShowCodeDetailsInExceptionMessages       = true                                   {manageable} {command line}
   size_t SoftMaxHeapSize                          = 2116026368                             {manageable} {ergonomic}
     bool UseCompressedClassPointers               = true                           {product lp64_product} {ergonomic}
     bool UseCompressedOops                        = true                           {product lp64_product} {ergonomic}
     bool UseG1GC                                  = true                                      {product} {ergonomic}
     bool UseLargePagesIndividualAllocation        = false                                  {pd product} {ergonomic}

Logging:
Log output configuration:
 #0: stdout all=warning uptime,level,tags
 #1: stderr all=off uptime,level,tags

Environment Variables:
JAVA_HOME=C:\Program Files\Java\jdk1.8.0_361
PATH=C:/Users/Ayan Kar/.p2/pool/plugins/org.eclipse.justj.openjdk.hotspot.jre.full.win32.x86_64_17.0.9.v20231028-0858/jre/bin/server;C:/Users/Ayan Kar/.p2/pool/plugins/org.eclipse.justj.openjdk.hotspot.jre.full.win32.x86_64_17.0.9.v20231028-0858/jre/bin;C:\Program Files (x86)\Common Files\Oracle\Java\javapath;C:\Windows\system32;C:\Windows;C:\Windows\System32\Wbem;C:\Windows\System32\WindowsPowerShell\v1.0\;C:\Windows\System32\OpenSSH\;C:\Program Files\Intel\WiFi\bin\;C:\Program Files\Common Files\Intel\WirelessCommon\;C:\Program Files\Java\jdk1.8.0_361\bin;C:\Users\Ayan Kar\AppData\Local\Microsoft\WindowsApps;;C:\Users\Ayan Kar\eclipse\jee-2023-092\eclipse;
USERNAME=Ayan Kar
OS=Windows_NT
PROCESSOR_IDENTIFIER=Intel64 Family 6 Model 142 Stepping 10, GenuineIntel
TMP=C:\Users\AYANKA~1\AppData\Local\Temp
TEMP=C:\Users\AYANKA~1\AppData\Local\Temp



Periodic native trim disabled


---------------  S Y S T E M  ---------------

OS:
 Windows 10 , 64 bit Build 19041 (10.0.19041.3031)
OS uptime: 3 days 2:23 hours

CPU: total 8 (initial active 8) (4 cores per cpu, 2 threads per core) family 6 model 142 stepping 10 microcode 0xb4, cx8, cmov, fxsr, ht, mmx, 3dnowpref, sse, sse2, sse3, ssse3, sse4.1, sse4.2, popcnt, lzcnt, tsc, tscinvbit, avx, avx2, aes, erms, clmul, bmi1, bmi2, rtm, adx, fma, vzeroupper, clflush, clflushopt
Processor Information for processor 0
  Max Mhz: 1896, Current Mhz: 1496, Mhz Limit: 1687
Processor Information for processor 1
  Max Mhz: 1896, Current Mhz: 1496, Mhz Limit: 1687
Processor Information for processor 2
  Max Mhz: 1896, Current Mhz: 1496, Mhz Limit: 1687
Processor Information for processor 3
  Max Mhz: 1896, Current Mhz: 1696, Mhz Limit: 1687
Processor Information for processor 4
  Max Mhz: 1896, Current Mhz: 1696, Mhz Limit: 1687
Processor Information for processor 5
  Max Mhz: 1896, Current Mhz: 1496, Mhz Limit: 1687
Processor Information for processor 6
  Max Mhz: 1896, Current Mhz: 1696, Mhz Limit: 1687
Processor Information for processor 7
  Max Mhz: 1896, Current Mhz: 1496, Mhz Limit: 1687

Memory: 4k page, system-wide physical 8066M (1429M free)
TotalPageFile size 17949M (AvailPageFile size 78M)
current process WorkingSet (physical memory assigned to process): 10M, peak: 10M
current process commit charge ("private bytes"): 60M, peak: 188M

vm_info: OpenJDK 64-Bit Server VM (17.0.9+9) for windows-amd64 JRE (17.0.9+9), built on Oct 26 2023 14:01:42 by "admin" with MS VC++ 16.10 / 16.11 (VS2019)

END.
